#
# A fatal error has been detected by the Java Runtime Environment:
#
#  EXCEPTION_ACCESS_VIOLATION (0xc0000005) at pc=0x75db7c57, pid=5380, tid=388
#
# JRE version: 6.0_31-b05
# Java VM: Java HotSpot(TM) Client VM (20.6-b01 mixed mode, sharing windows-x86 )
# Problematic frame:
# C  [ole32.dll+0x37c57]
#
# If you would like to submit a bug report, please visit:
#   http://java.sun.com/webapps/bugreport/crash.jsp
# The crash happened outside the Java Virtual Machine in native code.
# See problematic frame for where to report the bug.
#

---------------  T H R E A D  ---------------

Current thread (0x040ecc00):  JavaThread "AWT-EventQueue-0" [_thread_in_native, id=388, stack(0x05f20000,0x05f70000)]

siginfo: ExceptionCode=0xc0000005, reading address 0x00000038

Registers:
EAX=0x000004ba, EBX=0x00000000, ECX=0x00000000, EDX=0x770f6194
ESP=0x05f6e618, EBP=0x05f6e63c, ESI=0x00000000, EDI=0x00000000
EIP=0x75db7c57, EFLAGS=0x00210246

Top of Stack: (sp=0x05f6e618)
0x05f6e618:   001eab58 75ec7758 75db7c33 041dea28
0x05f6e628:   040c6ad0 00000000 75ebd83e 040d2770
0x05f6e638:   001eab58 05f6e688 75e0e1a9 110a1be5
0x05f6e648:   040d2770 040d2770 041dea28 05f6e66c
0x05f6e658:   752c92ee 00000000 00000000 00000658
0x05f6e668:   001f0001 00000000 05f6e644 05f6e1f4
0x05f6e678:   05f6e6a4 75d8d491 611c1f05 fffffffe
0x05f6e688:   00000000 6d07023d 040c6ad0 00000001 

Instructions: (pc=0x75db7c57)
0x75db7c37:   7c 04 83 4e 08 02 8b cb e8 fc 12 02 00 5b e9 79
0x75db7c47:   9a 01 00 90 90 90 90 90 8b ff 53 56 8b f1 33 db
0x75db7c57:   f7 46 38 00 01 00 00 57 74 3f e8 17 bc fe ff 8b
0x75db7c67:   f8 85 ff 0f 84 66 a9 06 00 68 f1 2d dd 75 6a fc 


Register to memory mapping:

EAX=0x000004ba is an unknown value
EBX=0x00000000 is an unknown value
ECX=0x00000000 is an unknown value
EDX=0x770f6194 is an unknown value
ESP=0x05f6e618 is pointing into the stack for thread: 0x040ecc00
EBP=0x05f6e63c is pointing into the stack for thread: 0x040ecc00
ESI=0x00000000 is an unknown value
EDI=0x00000000 is an unknown value


Stack: [0x05f20000,0x05f70000],  sp=0x05f6e618,  free space=313k
Native frames: (J=compiled Java code, j=interpreted, Vv=VM code, C=native code)
C  [ole32.dll+0x37c57]  CoUnmarshalInterface+0x291c
C  [ole32.dll+0x8e1a9]  CoLockObjectExternal+0x22

Java frames: (J=compiled Java code, j=interpreted, Vv=VM code)
j  sun.awt.windows.WComponentPeer.addNativeDropTarget()J+0
j  sun.awt.windows.WComponentPeer.addDropTarget(Ljava/awt/dnd/DropTarget;)V+9
j  java.awt.dnd.DropTarget.addNotify(Ljava/awt/peer/ComponentPeer;)V+60
j  java.awt.Component.addNotify()V+297
j  java.awt.Container.addNotify()V+8
j  javax.swing.JComponent.addNotify()V+1
j  java.awt.Container.addNotify()V+61
j  javax.swing.JComponent.addNotify()V+1
j  java.awt.Container.addNotify()V+61
j  javax.swing.JComponent.addNotify()V+1
j  java.awt.Container.addNotify()V+61
j  javax.swing.JComponent.addNotify()V+1
j  javax.swing.JRootPane.addNotify()V+1
j  java.awt.Container.addNotify()V+61
j  java.awt.Window.addNotify()V+73
j  java.awt.Frame.addNotify()V+70
j  java.awt.Window.show()V+8
j  java.awt.Component.show(Z)V+5
j  java.awt.Component.setVisible(Z)V+2
j  java.awt.Window.setVisible(Z)V+2
j  GameStarter.<init>(Ljava/lang/String;ILjavax/swing/Icon;)V+3031
j  GameStarter$4.actionPerformed(Ljava/awt/event/ActionEvent;)V+22
j  javax.swing.AbstractButton.fireActionPerformed(Ljava/awt/event/ActionEvent;)V+84
j  javax.swing.AbstractButton$Handler.actionPerformed(Ljava/awt/event/ActionEvent;)V+5
j  javax.swing.DefaultButtonModel.fireActionPerformed(Ljava/awt/event/ActionEvent;)V+35
j  javax.swing.DefaultButtonModel.setPressed(Z)V+117
j  javax.swing.plaf.basic.BasicButtonListener.mouseReleased(Ljava/awt/event/MouseEvent;)V+35
j  java.awt.Component.processMouseEvent(Ljava/awt/event/MouseEvent;)V+64
j  javax.swing.JComponent.processMouseEvent(Ljava/awt/event/MouseEvent;)V+23
j  java.awt.Component.processEvent(Ljava/awt/AWTEvent;)V+81
j  java.awt.Container.processEvent(Ljava/awt/AWTEvent;)V+18
j  java.awt.Component.dispatchEventImpl(Ljava/awt/AWTEvent;)V+570
j  java.awt.Container.dispatchEventImpl(Ljava/awt/AWTEvent;)V+42
J  java.awt.LightweightDispatcher.retargetMouseEvent(Ljava/awt/Component;ILjava/awt/event/MouseEvent;)V
j  java.awt.LightweightDispatcher.processMouseEvent(Ljava/awt/event/MouseEvent;)Z+139
j  java.awt.LightweightDispatcher.dispatchEvent(Ljava/awt/AWTEvent;)Z+50
j  java.awt.Container.dispatchEventImpl(Ljava/awt/AWTEvent;)V+12
j  java.awt.Window.dispatchEventImpl(Ljava/awt/AWTEvent;)V+65
J  java.awt.EventQueue.dispatchEventImpl(Ljava/awt/AWTEvent;Ljava/lang/Object;)V
J  java.awt.EventQueue$1.run()Ljava/lang/Object;
v  ~StubRoutines::call_stub
J  java.security.AccessController.doPrivileged(Ljava/security/PrivilegedAction;Ljava/security/AccessControlContext;)Ljava/lang/Object;
J  java.security.AccessControlContext$1.doIntersectionPrivilege(Ljava/security/PrivilegedAction;Ljava/security/AccessControlContext;Ljava/security/AccessControlContext;)Ljava/lang/Object;
j  java.security.AccessControlContext$1.doIntersectionPrivilege(Ljava/security/PrivilegedAction;Ljava/security/AccessControlContext;)Ljava/lang/Object;+6
j  java.awt.EventQueue$2.run()Ljava/lang/Void;+11
j  java.awt.EventQueue$2.run()Ljava/lang/Object;+1
v  ~StubRoutines::call_stub
J  java.security.AccessController.doPrivileged(Ljava/security/PrivilegedAction;Ljava/security/AccessControlContext;)Ljava/lang/Object;
J  java.awt.EventQueue.dispatchEvent(Ljava/awt/AWTEvent;)V
J  java.awt.EventDispatchThread.pumpOneEventForFilters(I)Z
j  java.awt.EventDispatchThread.pumpEventsForFilter(ILjava/awt/Conditional;Ljava/awt/EventFilter;)V+30
j  java.awt.EventDispatchThread.pumpEventsForHierarchy(ILjava/awt/Conditional;Ljava/awt/Component;)V+11
j  java.awt.EventDispatchThread.pumpEvents(ILjava/awt/Conditional;)V+4
j  java.awt.EventDispatchThread.pumpEvents(Ljava/awt/Conditional;)V+3
j  java.awt.EventDispatchThread.run()V+9
v  ~StubRoutines::call_stub

---------------  P R O C E S S  ---------------

Java Threads: ( => current thread )
  0x07f80400 JavaThread "Thread-6" [_thread_in_native, id=1080, stack(0x082b0000,0x08300000)]
  0x07f80800 JavaThread "Thread-4" [_thread_in_native, id=5444, stack(0x08310000,0x08360000)]
  0x07ebb800 JavaThread "Java Sound Event Dispatcher" daemon [_thread_blocked, id=4960, stack(0x08510000,0x08560000)]
  0x0426b000 JavaThread "TimerQueue" daemon [_thread_blocked, id=2592, stack(0x07e50000,0x07ea0000)]
  0x040f7c00 JavaThread "Image Animator 0" daemon [_thread_blocked, id=4316, stack(0x06260000,0x062b0000)]
  0x040f6800 JavaThread "D3D Screen Updater" daemon [_thread_blocked, id=5092, stack(0x061c0000,0x06210000)]
  0x01ab9000 JavaThread "DestroyJavaVM" [_thread_blocked, id=5396, stack(0x00390000,0x003e0000)]
=>0x040ecc00 JavaThread "AWT-EventQueue-0" [_thread_in_native, id=388, stack(0x05f20000,0x05f70000)]
  0x019d9400 JavaThread "AWT-Windows" daemon [_thread_in_native, id=4808, stack(0x04040000,0x04090000)]
  0x019d8c00 JavaThread "AWT-Shutdown" [_thread_blocked, id=4816, stack(0x03e60000,0x03eb0000)]
  0x019d5000 JavaThread "Java2D Disposer" daemon [_thread_blocked, id=4812, stack(0x03e10000,0x03e60000)]
  0x01982800 JavaThread "Low Memory Detector" daemon [_thread_blocked, id=5184, stack(0x03d00000,0x03d50000)]
  0x0197e400 JavaThread "C1 CompilerThread0" daemon [_thread_blocked, id=4956, stack(0x03cb0000,0x03d00000)]
  0x0197d000 JavaThread "Attach Listener" daemon [_thread_blocked, id=4936, stack(0x03c60000,0x03cb0000)]
  0x0197c400 JavaThread "Signal Dispatcher" daemon [_thread_blocked, id=796, stack(0x03c10000,0x03c60000)]
  0x01971800 JavaThread "Finalizer" daemon [_thread_blocked, id=2884, stack(0x03bc0000,0x03c10000)]
  0x0196c400 JavaThread "Reference Handler" daemon [_thread_blocked, id=4624, stack(0x03b70000,0x03bc0000)]

Other Threads:
  0x01930000 VMThread [stack: 0x03b20000,0x03b70000] [id=4384]
  0x01983c00 WatcherThread [stack: 0x03d50000,0x03da0000] [id=4804]

VM state:not at safepoint (normal execution)

VM Mutex/Monitor currently owned by a thread: None

Heap
 def new generation   total 13440K, used 8575K [0x23b30000, 0x249c0000, 0x29080000)
  eden space 11968K,  71% used [0x23b30000, 0x2438ffc8, 0x246e0000)
  from space 1472K,   0% used [0x246e0000, 0x246e0000, 0x24850000)
  to   space 1472K,   0% used [0x24850000, 0x24850000, 0x249c0000)
 tenured generation   total 29768K, used 17859K [0x29080000, 0x2ad92000, 0x33b30000)
   the space 29768K,  59% used [0x29080000, 0x2a1f0f70, 0x2a1f1000, 0x2ad92000)
 compacting perm gen  total 12288K, used 3238K [0x33b30000, 0x34730000, 0x37b30000)
   the space 12288K,  26% used [0x33b30000, 0x33e59940, 0x33e59a00, 0x34730000)
    ro space 10240K,  51% used [0x37b30000, 0x3805e318, 0x3805e400, 0x38530000)
    rw space 12288K,  55% used [0x38530000, 0x38bca088, 0x38bca200, 0x39130000)

Code Cache  [0x01ac0000, 0x01c08000, 0x03ac0000)
 total_blobs=755 nmethods=522 adapters=169 free_code_cache=32243520 largest_free_block=384

Dynamic libraries:
0x00400000 - 0x00425000 	C:\Program Files\Java\jre6\bin\javaw.exe
0x770b0000 - 0x771ec000 	C:\windows\SYSTEM32\ntdll.dll
0x76240000 - 0x76314000 	C:\windows\system32\kernel32.dll
0x752c0000 - 0x7530a000 	C:\windows\system32\KERNELBASE.dll
0x76320000 - 0x763c0000 	C:\windows\system32\ADVAPI32.dll
0x75b30000 - 0x75bdc000 	C:\windows\system32\msvcrt.dll
0x76430000 - 0x76449000 	C:\windows\SYSTEM32\sechost.dll
0x75ee0000 - 0x75f81000 	C:\windows\system32\RPCRT4.dll
0x757d0000 - 0x75899000 	C:\windows\system32\USER32.dll
0x761a0000 - 0x761ee000 	C:\windows\system32\GDI32.dll
0x763c0000 - 0x763ca000 	C:\windows\system32\LPK.dll
0x758a0000 - 0x7593d000 	C:\windows\system32\USP10.dll
0x77280000 - 0x7729f000 	C:\windows\system32\IMM32.DLL
0x75700000 - 0x757cc000 	C:\windows\system32\MSCTF.dll
0x7c340000 - 0x7c396000 	C:\Program Files\Java\jre6\bin\msvcr71.dll
0x6d7f0000 - 0x6da9f000 	C:\Program Files\Java\jre6\bin\client\jvm.dll
0x70af0000 - 0x70b22000 	C:\windows\system32\WINMM.dll
0x75170000 - 0x751bb000 	C:\windows\system32\apphelp.dll
0x6d7a0000 - 0x6d7ac000 	C:\Program Files\Java\jre6\bin\verify.dll
0x6d320000 - 0x6d33f000 	C:\Program Files\Java\jre6\bin\java.dll
0x6d7e0000 - 0x6d7ef000 	C:\Program Files\Java\jre6\bin\zip.dll
0x6d000000 - 0x6d14c000 	C:\Program Files\Java\jre6\bin\awt.dll
0x71550000 - 0x715a1000 	C:\windows\system32\WINSPOOL.DRV
0x75d80000 - 0x75edc000 	C:\windows\system32\ole32.dll
0x74190000 - 0x7432e000 	C:\windows\WinSxS\x86_microsoft.windows.common-controls_6595b64144ccf1df_6.0.7600.16661_none_420fe3fa2b8113bd\COMCTL32.dll
0x763d0000 - 0x76427000 	C:\windows\system32\SHLWAPI.dll
0x73c30000 - 0x73c43000 	C:\windows\system32\DWMAPI.DLL
0x73f60000 - 0x73fa0000 	C:\windows\system32\uxtheme.dll
0x6d230000 - 0x6d27f000 	C:\Program Files\Java\jre6\bin\fontmanager.dll
0x71680000 - 0x716e9000 	C:\windows\system32\IMKR12.IME
0x76460000 - 0x770a9000 	C:\windows\system32\SHELL32.dll
0x75540000 - 0x755cf000 	C:\windows\system32\OLEAUT32.dll
0x70f10000 - 0x70fab000 	C:\windows\WinSxS\x86_microsoft.vc80.crt_1fc8b3b9a1e18e3b_8.0.50727.6195_none_d09154e044272b9a\MSVCR80.dll
0x70e80000 - 0x70f07000 	C:\windows\WinSxS\x86_microsoft.vc80.crt_1fc8b3b9a1e18e3b_8.0.50727.6195_none_d09154e044272b9a\MSVCP80.dll
0x751c0000 - 0x751cc000 	C:\windows\system32\CRYPTBASE.dll
0x64750000 - 0x64913000 	C:\windows\system32\d3d9.dll
0x74700000 - 0x74709000 	C:\windows\system32\VERSION.dll
0x6f670000 - 0x6f676000 	C:\windows\system32\d3d8thk.dll
0x643d0000 - 0x64741000 	C:\windows\system32\atiumdag.dll
0x64100000 - 0x643ca000 	C:\windows\system32\atiumdva.dll
0x10000000 - 0x1002c000 	C:\Program Files\MarkAny\ContentSAFER\MaCSProHook.DLL
0x6d440000 - 0x6d465000 	C:\Program Files\Java\jre6\bin\jpeg.dll
0x6d600000 - 0x6d613000 	C:\Program Files\Java\jre6\bin\net.dll
0x772a0000 - 0x772d5000 	C:\windows\system32\WS2_32.dll
0x76450000 - 0x76456000 	C:\windows\system32\NSI.dll
0x74c80000 - 0x74cbc000 	C:\windows\system32\mswsock.dll
0x74c70000 - 0x74c76000 	C:\windows\System32\wship6.dll
0x6d620000 - 0x6d629000 	C:\Program Files\Java\jre6\bin\nio.dll
0x771f0000 - 0x77273000 	C:\windows\system32\CLBCatQ.DLL
0x6f5c0000 - 0x6f65a000 	C:\PROGRA~1\COMMON~1\MICROS~1\IME12\IMEKR\IMKRTIP.DLL
0x6f510000 - 0x6f5b5000 	C:\PROGRA~1\COMMON~1\MICROS~1\IME12\SHARED\IMETIP.DLL
0x6f4e0000 - 0x6f502000 	C:\PROGRA~1\COMMON~1\MICROS~1\IME12\IMEKR\IMKRAPI.DLL
0x6f4b0000 - 0x6f4dd000 	C:\PROGRA~1\COMMON~1\MICROS~1\IME12\SHARED\IMJKAPI.DLL
0x747d0000 - 0x747d5000 	C:\windows\System32\wshtcpip.dll
0x74b40000 - 0x74b84000 	C:\windows\system32\DNSAPI.dll
0x716f0000 - 0x71711000 	C:\Program Files\Bonjour\mdnsNSP.dll
0x738f0000 - 0x7390c000 	C:\windows\system32\Iphlpapi.DLL
0x738e0000 - 0x738e7000 	C:\windows\system32\WINNSI.DLL
0x71720000 - 0x71726000 	C:\windows\system32\rasadhlp.dll
0x737f0000 - 0x73828000 	C:\windows\System32\fwpuclnt.dll
0x6d510000 - 0x6d535000 	C:\Program Files\Java\jre6\bin\jsound.dll
0x6d540000 - 0x6d548000 	C:\Program Files\Java\jre6\bin\jsoundds.dll
0x6bfc0000 - 0x6c032000 	C:\windows\system32\DSOUND.dll
0x74790000 - 0x747b5000 	C:\windows\system32\POWRPROF.dll
0x75ff0000 - 0x7618d000 	C:\windows\system32\SETUPAPI.dll
0x75430000 - 0x75457000 	C:\windows\system32\CFGMGR32.dll
0x75460000 - 0x75472000 	C:\windows\system32\DEVOBJ.dll
0x73c60000 - 0x73c99000 	C:\windows\system32\MMDevAPI.DLL
0x73fa0000 - 0x74095000 	C:\windows\system32\PROPSYS.dll
0x6e780000 - 0x6e7b0000 	C:\windows\system32\wdmaud.drv
0x6e770000 - 0x6e774000 	C:\windows\system32\ksuser.dll
0x74160000 - 0x74167000 	C:\windows\system32\AVRT.dll
0x6e730000 - 0x6e766000 	C:\windows\system32\AUDIOSES.DLL
0x6e720000 - 0x6e728000 	C:\windows\system32\msacm32.drv
0x6e700000 - 0x6e714000 	C:\windows\system32\MSACM32.dll
0x6e6f0000 - 0x6e6f7000 	C:\windows\system32\midimap.dll
0x74cc0000 - 0x74cd6000 	C:\windows\system32\CRYPTSP.dll
0x74a60000 - 0x74a9b000 	C:\windows\system32\rsaenh.dll
0x75230000 - 0x7523e000 	C:\windows\system32\RpcRtRemote.dll
0x76190000 - 0x76195000 	C:\windows\system32\PSAPI.DLL

VM Arguments:
jvm_args: -Dfile.encoding=MS949 
java_command: GameUsing
Launcher Type: SUN_STANDARD

Environment Variables:
JAVA_HOME=C:\Program Files\Java\jdk1.6.0_23
CLASSPATH=.;.;.;,lasspath;C:\Program Files\Java\jre6\lib\ext\QTJava.zip;C:\Program Files\Java\jre6\lib\ext\QTJava.zip;C:\Program Files\Java\jre6\lib\ext\QTJava.zip
PATH=C:/Program Files/Java/jre6/bin/client;C:/Program Files/Java/jre6/bin;C:/Program Files/Java/jre6/lib/i386;C:\Program Files\AMD APP\bin\x86;:\Program Files\Java\jdk1.6.0_23\bin;C:\windows\system32;C:\windows;C:\windows\System32\Wbem;C:\windows\System32\WindowsPowerShell\v1.0\;C:\Program Files\ATI Technologies\ATI.ACE\Core-Static;C:\Program Files\QuickTime\QTSystem\;C:\Program Files\MySQL\MySQL Server 5.5\bin
USERNAME=J
OS=Windows_NT
PROCESSOR_IDENTIFIER=x86 Family 6 Model 23 Stepping 10, GenuineIntel



---------------  S Y S T E M  ---------------

OS: Windows 7 Build 7600 

CPU:total 2 (2 cores per cpu, 1 threads per core) family 6 model 23 stepping 10, cmov, cx8, fxsr, mmx, sse, sse2, sse3, ssse3

Memory: 4k page, physical 2094256k(996372k free), swap 4188512k(2530224k free)

vm_info: Java HotSpot(TM) Client VM (20.6-b01) for windows-x86 JRE (1.6.0_31-b05), built on Feb  3 2012 18:44:09 by "java_re" with MS VC++ 7.1 (VS2003)

time: Sun Jun 10 12:03:24 2012
elapsed time: 30 seconds

